<?xml version="1.0" encoding="UTF-8" ?>
<testsuite failures="0" time="0.014" errors="0" skipped="1" tests="5" name="test.EmployeeDaoTestCase">
  <properties>
[...]
</properties>
  <testcase time="0.011" classname="test.EmployeeDaoTestCase" name="testDepartmentGetAllMethodTrue">
    <skipped/>
  </testcase>
  <testcase time="0.005" classname="test.EmployeeDaoTestCase" name="testDepartmentUpdateMethodTrue"/>
  <testcase time="0.001" classname="test.EmployeeDaoTestCase" name="testDepartmentDeleteMethodTrue"/>
  <testcase time="0.001" classname="test.EmployeeDaoTestCase" name="testDepartmentFindByIdMethodTrue"/>
  <testcase time="0.001" classname="test.EmployeeDaoTestCase" name="testDepartmentInsertMethodTrue"/>
</testsuite>